[debug] [2021-02-07T20:38:21.330Z] ----------------------------------------------------------------------
[debug] [2021-02-07T20:38:21.333Z] Command:       C:\Program Files\nodejs\node.exe C:\Program Files\nodejs\node_modules\firebase-tools\lib\bin\firebase.js init
[debug] [2021-02-07T20:38:21.334Z] CLI Version:   9.3.0
[debug] [2021-02-07T20:38:21.334Z] Platform:      win32
[debug] [2021-02-07T20:38:21.334Z] Node Version:  v12.10.0
[debug] [2021-02-07T20:38:21.335Z] Time:          Sun Feb 07 2021 22:38:21 GMT+0200 (GMT+02:00)
[debug] [2021-02-07T20:38:21.335Z] ----------------------------------------------------------------------
[debug] [2021-02-07T20:38:21.335Z] 
[debug] [2021-02-07T20:38:21.343Z] > command requires scopes: ["email","openid","https://www.googleapis.com/auth/cloudplatformprojects.readonly","https://www.googleapis.com/auth/firebase","https://www.googleapis.com/auth/cloud-platform"]
[debug] [2021-02-07T20:38:21.343Z] > authorizing via signed-in user
[info] 
     ######## #### ########  ######## ########     ###     ######  ########
     ##        ##  ##     ## ##       ##     ##  ##   ##  ##       ##
     ######    ##  ########  ######   ########  #########  ######  ######
     ##        ##  ##    ##  ##       ##     ## ##     ##       ## ##
     ##       #### ##     ## ######## ########  ##     ##  ######  ########

You're about to initialize a Firebase project in this directory:

  C:\js\react\web-workers-react

Before we get started, keep in mind:

  * You are currently outside your home directory

[info] 
=== Project Setup
[info] 
[info] First, let's associate this project directory with a Firebase project.
[info] You can create multiple project aliases by running firebase use --add, 
[info] but for now we'll just set up a default project.
[info] 
[debug] [2021-02-07T20:39:28.128Z] > refreshing access token with scopes: []
[debug] [2021-02-07T20:39:28.130Z] >>> HTTP REQUEST POST https://www.googleapis.com/oauth2/v3/token  
 <request body omitted>
[debug] [2021-02-07T20:39:28.355Z] <<< HTTP RESPONSE 200 {"expires":"Mon, 01 Jan 1990 00:00:00 GMT","cache-control":"no-cache, no-store, max-age=0, must-revalidate","date":"Sun, 07 Feb 2021 20:39:26 GMT","pragma":"no-cache","content-type":"application/json; charset=utf-8","vary":"X-Origin, Referer, Origin,Accept-Encoding","server":"scaffolding on HTTPServer2","x-xss-protection":"0","x-frame-options":"SAMEORIGIN","x-content-type-options":"nosniff","alt-svc":"h3-29=\":443\"; ma=2592000,h3-T051=\":443\"; ma=2592000,h3-Q050=\":443\"; ma=2592000,h3-Q046=\":443\"; ma=2592000,h3-Q043=\":443\"; ma=2592000,quic=\":443\"; ma=2592000; v=\"46,43\"","accept-ranges":"none","transfer-encoding":"chunked"}
[debug] [2021-02-07T20:39:28.397Z] >>> [apiv2][query] GET https://firebase.googleapis.com/v1beta1/projects pageSize=100
[debug] [2021-02-07T20:39:28.878Z] <<< [apiv2][status] GET https://firebase.googleapis.com/v1beta1/projects 200
[debug] [2021-02-07T20:39:28.879Z] <<< [apiv2][body] GET https://firebase.googleapis.com/v1beta1/projects [omitted]
[info] i  Using project react-pwa-ea32a (React PWA) 
[info] 
=== Hosting Setup
[info] 
[info] Your public directory is the folder (relative to your project directory) that
[info] will contain Hosting assets to be uploaded with firebase deploy. If you
[info] have a build process for your assets, use your build's output directory.
[info] 
[debug] [2021-02-07T20:40:23.953Z] >>> [apiv2][query] GET https://www.gstatic.com/firebasejs/releases.json [none]
[debug] [2021-02-07T20:40:26.950Z] <<< [apiv2][status] GET https://www.gstatic.com/firebasejs/releases.json 200
[debug] [2021-02-07T20:40:26.950Z] <<< [apiv2][body] GET https://www.gstatic.com/firebasejs/releases.json {"current":{"version":"8.2.6","browserURL":"https://www.gstatic.com/firebasejs/8.2.6/firebase.js","packageURL":"https://www.gstatic.com/firebasejs/8.2.6/firebase.tgz"},"live":{"version":"8.2","browserURL":"https://www.gstatic.com/firebasejs/live/8.2/firebase.js","packageURL":"https://www.gstatic.com/firebasejs/live/8.2/firebase.tgz"},"components":{"analytics":"https://www.gstatic.com/firebasejs/8.2.6/firebase-analytics.js","app":"https://www.gstatic.com/firebasejs/8.2.6/firebase-app.js","auth":"https://www.gstatic.com/firebasejs/8.2.6/firebase-auth.js","database":"https://www.gstatic.com/firebasejs/8.2.6/firebase-database.js","firestore":"https://www.gstatic.com/firebasejs/8.2.6/firebase-firestore.js","functions":"https://www.gstatic.com/firebasejs/8.2.6/firebase-functions.js","installations":"https://www.gstatic.com/firebasejs/8.2.6/firebase-installations.js","messaging":"https://www.gstatic.com/firebasejs/8.2.6/firebase-messaging.js","storage":"https://www.gstatic.com/firebasejs/8.2.6/firebase-storage.js","performance":"https://www.gstatic.com/firebasejs/8.2.6/firebase-performance.js","remote-config":"https://www.gstatic.com/firebasejs/8.2.6/firebase-remote-config.js","firestore.memory":"https://www.gstatic.com/firebasejs/8.2.6/firebase-firestore.memory.js"}}
[info] +  Wrote /index.html 
[info] 
[info] i  Detected a .git folder at C:\js\react\web-workers-react 
[info] i  Authorizing with GitHub to upload your service account to a GitHub repository's secrets store. 
[info] 
[info] Visit this URL on this device to log in:
[info] https://github.com/login/oauth/authorize?client_id=89cf50f02ac6aaed3484&state=3831546&redirect_uri=http%3A%2F%2Flocalhost%3A9005&scope=read%3Auser%20repo%20public_repo
[info] 
[info] Waiting for authentication...
[debug] [2021-02-07T20:41:37.216Z] >>> HTTP REQUEST POST https://github.com/login/oauth/access_token  
 {"client_id":"89cf50f02ac6aaed3484","client_secret":"3330d14abc895d9a74d5f17cd7a00711fa2c5bf0","code":"ef40421914970a4507aa","redirect_uri":"http://localhost:9005","state":"3831546"}
[debug] [2021-02-07T20:41:37.502Z] <<< HTTP RESPONSE 200 {"date":"Sun, 07 Feb 2021 20:41:35 GMT","content-type":"application/json; charset=utf-8","transfer-encoding":"chunked","server":"GitHub.com","vary":"X-PJAX, Accept-Encoding, Accept, X-Requested-With, Accept-Encoding","etag":"W/\"0595b6a43d76c2c9e7bc0e24d05aaf6f\"","cache-control":"max-age=0, private, must-revalidate","strict-transport-security":"max-age=31536000; includeSubdomains; preload","x-frame-options":"deny","x-content-type-options":"nosniff","x-xss-protection":"1; mode=block","referrer-policy":"origin-when-cross-origin, strict-origin-when-cross-origin","expect-ct":"max-age=2592000, report-uri=\"https://api.github.com/_private/browser/errors\"","content-security-policy":"default-src 'none'; base-uri 'self'; block-all-mixed-content; connect-src 'self' uploads.github.com www.githubstatus.com collector.githubapp.com api.github.com github-cloud.s3.amazonaws.com github-production-repository-file-5c1aeb.s3.amazonaws.com github-production-upload-manifest-file-7fdce7.s3.amazonaws.com github-production-user-asset-6210df.s3.amazonaws.com cdn.optimizely.com logx.optimizely.com/v1/events wss://alive.github.com; font-src github.githubassets.com; form-action 'self' github.com gist.github.com; frame-ancestors 'none'; frame-src render.githubusercontent.com; img-src 'self' data: github.githubassets.com identicons.github.com collector.githubapp.com github-cloud.s3.amazonaws.com *.githubusercontent.com; manifest-src 'self'; media-src 'none'; script-src github.githubassets.com; style-src 'unsafe-inline' github.githubassets.com; worker-src github.com/socket-worker-5029ae85.js gist.github.com/socket-worker-5029ae85.js","x-github-request-id":"DD25:2522:2EF0F0F:3CAF2AB:6020507F"}
[debug] [2021-02-07T20:41:37.503Z] >>> [apiv2][query] GET https://api.github.com/user [none]
[debug] [2021-02-07T20:41:37.804Z] <<< [apiv2][status] GET https://api.github.com/user 200
[debug] [2021-02-07T20:41:37.805Z] <<< [apiv2][body] GET https://api.github.com/user {"login":"RomanLesovoy","id":48916263,"node_id":"MDQ6VXNlcjQ4OTE2MjYz","avatar_url":"https://avatars.githubusercontent.com/u/48916263?v=4","gravatar_id":"","url":"https://api.github.com/users/RomanLesovoy","html_url":"https://github.com/RomanLesovoy","followers_url":"https://api.github.com/users/RomanLesovoy/followers","following_url":"https://api.github.com/users/RomanLesovoy/following{/other_user}","gists_url":"https://api.github.com/users/RomanLesovoy/gists{/gist_id}","starred_url":"https://api.github.com/users/RomanLesovoy/starred{/owner}{/repo}","subscriptions_url":"https://api.github.com/users/RomanLesovoy/subscriptions","organizations_url":"https://api.github.com/users/RomanLesovoy/orgs","repos_url":"https://api.github.com/users/RomanLesovoy/repos","events_url":"https://api.github.com/users/RomanLesovoy/events{/privacy}","received_events_url":"https://api.github.com/users/RomanLesovoy/received_events","type":"User","site_admin":false,"name":"Roman","company":"@shift-forex","blog":"","location":null,"email":null,"hireable":null,"bio":"https://github.com/LesovoyRoman","twitter_username":null,"public_repos":6,"public_gists":0,"followers":0,"following":6,"created_at":"2019-03-25T13:27:31Z","updated_at":"2021-02-07T20:41:34Z","private_gists":0,"total_private_repos":7,"owned_private_repos":7,"disk_usage":6737,"collaborators":0,"two_factor_authentication":true,"plan":{"name":"free","space":976562499,"collaborators":0,"private_repos":10000}}
[info] 
[info] +  Success! Logged into GitHub as RomanLesovoy 
[info] 
[debug] [2021-02-07T20:42:12.419Z] >>> [apiv2][query] GET https://api.github.com/repos//actions/secrets/public-key type=owner
[debug] [2021-02-07T20:42:12.661Z] <<< [apiv2][status] GET https://api.github.com/repos//actions/secrets/public-key 404
[debug] [2021-02-07T20:42:12.661Z] <<< [apiv2][body] GET https://api.github.com/repos//actions/secrets/public-key {"message":"Not Found","documentation_url":"https://docs.github.com/rest"}
